NewProject2/app/build/outputs/logs/manifest-merger-debug-report.txt
-- Merging decision tree log ---
manifest
ADDED from src\main\AndroidManifest.xml:1:1-27:12
	package
		ADDED from src\main\AndroidManifest.xml:3:2-30
		INJECTED from src\main\AndroidManifest.xml
		INJECTED from src\main\AndroidManifest.xml
	android:versionName
		INJECTED from src\main\AndroidManifest.xml
		INJECTED from src\main\AndroidManifest.xml
	xmlns:android
		ADDED from src\main\AndroidManifest.xml:2:2-60
	android:versionCode
		INJECTED from src\main\AndroidManifest.xml
		INJECTED from src\main\AndroidManifest.xml
application
ADDED from src\main\AndroidManifest.xml:4:2-26:16
	android:label
		ADDED from src\main\AndroidManifest.xml:6:3-57
	android:allowBackup
		ADDED from src\main\AndroidManifest.xml:5:3-29
	android:icon
		ADDED from src\main\AndroidManifest.xml:7:3-36
	android:theme
		ADDED from src\main\AndroidManifest.xml:8:3-34
activity#com.my.newproject2.MainActivity
ADDED from src\main\AndroidManifest.xml:9:3-17:14
	android:screenOrientation
		ADDED from src\main\AndroidManifest.xml:12:4-40
	android:configChanges
		ADDED from src\main\AndroidManifest.xml:11:4-50
	android:name
		ADDED from src\main\AndroidManifest.xml:10:4-32
intent-filter#android.intent.action.MAIN+android.intent.category.LAUNCHER
ADDED from src\main\AndroidManifest.xml:13:4-16:20
action#android.intent.action.MAIN
ADDED from src\main\AndroidManifest.xml:14:5-56
	android:name
		ADDED from src\main\AndroidManifest.xml:14:13-54
category#android.intent.category.LAUNCHER
ADDED from src\main\AndroidManifest.xml:15:5-64
	android:name
		ADDED from src\main\AndroidManifest.xml:15:15-62
activity#com.my.newproject2.LibraryActivity
ADDED from src\main\AndroidManifest.xml:18:3-21:42
	android:screenOrientation
		ADDED from src\main\AndroidManifest.xml:21:4-40
	android:configChanges
		ADDED from src\main\AndroidManifest.xml:20:4-50
	android:name
		ADDED from src\main\AndroidManifest.xml:19:4-35
activity#com.my.newproject2.SendrequestActivity
ADDED from src\main\AndroidManifest.xml:22:3-25:42
	android:screenOrientation
		ADDED from src\main\AndroidManifest.xml:25:4-40
	android:configChanges
		ADDED from src\main\AndroidManifest.xml:24:4-50
	android:name
		ADDED from src\main\AndroidManifest.xml:23:4-39
uses-sdk
INJECTED from src\main\AndroidManifest.xml reason: use-sdk injection requested
	android:targetSdkVersion
		INJECTED from src\main\AndroidManifest.xml
		INJECTED from src\main\AndroidManifest.xml
	android:minSdkVersion
		INJECTED from src\main\AndroidManifest.xml
		INJECTED from src\main\AndroidManifest.xml